{"/home/caleb/bbfb/src/config.ts": {"path":"/home/caleb/bbfb/src/config.ts","statementMap":{"0":{"start":{"line":1,"column":0},"end":{"line":4,"column":null}},"1":{"start":{"line":2,"column":4},"end":{"line":2,"column":null}},"2":{"start":{"line":4,"column":4},"end":{"line":4,"column":null}},"3":{"start":{"line":9,"column":18},"end":{"line":9,"column":null}},"4":{"start":{"line":11,"column":4},"end":{"line":11,"column":null}},"5":{"start":{"line":11,"column":16},"end":{"line":11,"column":null}},"6":{"start":{"line":13,"column":4},"end":{"line":13,"column":null}},"7":{"start":{"line":42,"column":30},"end":{"line":56,"column":null}}},"fnMap":{"0":{"name":"envOrThrow","decl":{"start":{"line":7,"column":16},"end":{"line":7,"column":27}},"loc":{"start":{"line":7,"column":48},"end":{"line":13,"column":null}},"line":7}},"branchMap":{"0":{"loc":{"start":{"line":11,"column":4},"end":{"line":11,"column":null}},"type":"if","locations":[{"start":{"line":11,"column":4},"end":{"line":11,"column":null}},{"start":{},"end":{}}],"line":11}},"s":{"0":3,"1":3,"2":0,"3":21,"4":21,"5":0,"6":21,"7":3},"f":{"0":21},"b":{"0":[0,21]},"meta":{"lastBranch":1,"lastFunction":1,"lastStatement":8,"seen":{"s:1:0:4:Infinity":0,"s:2:4:2:Infinity":1,"s:4:4:4:Infinity":2,"f:7:16:7:27":0,"s:9:18:9:Infinity":3,"b:11:4:11:Infinity:undefined:undefined:undefined:undefined":0,"s:11:4:11:Infinity":4,"s:11:16:11:Infinity":5,"s:13:4:13:Infinity":6,"s:42:30:56:Infinity":7}}}
,"/home/caleb/bbfb/src/db/index.ts": {"path":"/home/caleb/bbfb/src/db/index.ts","statementMap":{"0":{"start":{"line":6,"column":6},"end":{"line":6,"column":36}},"1":{"start":{"line":7,"column":13},"end":{"line":10,"column":2}}},"fnMap":{},"branchMap":{},"s":{"0":2,"1":2},"f":{},"b":{},"meta":{"lastBranch":0,"lastFunction":0,"lastStatement":2,"seen":{"s:6:6:6:36":0,"s:7:13:10:2":1}}}
,"/home/caleb/bbfb/src/db/schema.ts": {"path":"/home/caleb/bbfb/src/db/schema.ts","statementMap":{"0":{"start":{"line":14,"column":19},"end":{"line":20,"column":null}},"1":{"start":{"line":19,"column":25},"end":{"line":19,"column":35}},"2":{"start":{"line":29,"column":13},"end":{"line":43,"column":null}},"3":{"start":{"line":43,"column":11},"end":{"line":43,"column":34}},"4":{"start":{"line":48,"column":13},"end":{"line":54,"column":2}},"5":{"start":{"line":58,"column":13},"end":{"line":77,"column":null}},"6":{"start":{"line":62,"column":30},"end":{"line":62,"column":55}},"7":{"start":{"line":65,"column":30},"end":{"line":65,"column":52}},"8":{"start":{"line":72,"column":15},"end":{"line":76,"column":null}},"9":{"start":{"line":85,"column":13},"end":{"line":97,"column":2}},"10":{"start":{"line":102,"column":13},"end":{"line":129,"column":null}},"11":{"start":{"line":106,"column":30},"end":{"line":106,"column":55}},"12":{"start":{"line":124,"column":15},"end":{"line":128,"column":null}},"13":{"start":{"line":135,"column":13},"end":{"line":160,"column":null}},"14":{"start":{"line":150,"column":15},"end":{"line":159,"column":null}},"15":{"start":{"line":166,"column":13},"end":{"line":166,"column":66}},"16":{"start":{"line":167,"column":13},"end":{"line":198,"column":null}},"17":{"start":{"line":175,"column":30},"end":{"line":175,"column":55}},"18":{"start":{"line":183,"column":15},"end":{"line":197,"column":null}},"19":{"start":{"line":204,"column":13},"end":{"line":235,"column":null}},"20":{"start":{"line":208,"column":30},"end":{"line":208,"column":52}},"21":{"start":{"line":226,"column":15},"end":{"line":234,"column":null}},"22":{"start":{"line":241,"column":13},"end":{"line":241,"column":79}},"23":{"start":{"line":242,"column":13},"end":{"line":255,"column":null}},"24":{"start":{"line":255,"column":11},"end":{"line":255,"column":37}}},"fnMap":{"0":{"name":"(anonymous_0)","decl":{"start":{"line":19,"column":9},"end":{"line":19,"column":25}},"loc":{"start":{"line":19,"column":25},"end":{"line":19,"column":35}},"line":19},"1":{"name":"(anonymous_1)","decl":{"start":{"line":42,"column":5},"end":{"line":42,"column":null}},"loc":{"start":{"line":43,"column":11},"end":{"line":43,"column":34}},"line":43},"2":{"name":"(anonymous_2)","decl":{"start":{"line":62,"column":13},"end":{"line":62,"column":30}},"loc":{"start":{"line":62,"column":30},"end":{"line":62,"column":55}},"line":62},"3":{"name":"(anonymous_3)","decl":{"start":{"line":65,"column":13},"end":{"line":65,"column":30}},"loc":{"start":{"line":65,"column":30},"end":{"line":65,"column":52}},"line":65},"4":{"name":"(anonymous_4)","decl":{"start":{"line":71,"column":5},"end":{"line":71,"column":null}},"loc":{"start":{"line":72,"column":15},"end":{"line":76,"column":null}},"line":72},"5":{"name":"(anonymous_5)","decl":{"start":{"line":106,"column":13},"end":{"line":106,"column":30}},"loc":{"start":{"line":106,"column":30},"end":{"line":106,"column":55}},"line":106},"6":{"name":"(anonymous_6)","decl":{"start":{"line":123,"column":5},"end":{"line":123,"column":null}},"loc":{"start":{"line":124,"column":15},"end":{"line":128,"column":null}},"line":124},"7":{"name":"(anonymous_7)","decl":{"start":{"line":149,"column":5},"end":{"line":149,"column":null}},"loc":{"start":{"line":150,"column":15},"end":{"line":159,"column":null}},"line":150},"8":{"name":"(anonymous_8)","decl":{"start":{"line":175,"column":13},"end":{"line":175,"column":30}},"loc":{"start":{"line":175,"column":30},"end":{"line":175,"column":55}},"line":175},"9":{"name":"(anonymous_9)","decl":{"start":{"line":182,"column":5},"end":{"line":182,"column":null}},"loc":{"start":{"line":183,"column":15},"end":{"line":197,"column":null}},"line":183},"10":{"name":"(anonymous_10)","decl":{"start":{"line":208,"column":13},"end":{"line":208,"column":30}},"loc":{"start":{"line":208,"column":30},"end":{"line":208,"column":52}},"line":208},"11":{"name":"(anonymous_11)","decl":{"start":{"line":225,"column":5},"end":{"line":225,"column":null}},"loc":{"start":{"line":226,"column":15},"end":{"line":234,"column":null}},"line":226},"12":{"name":"(anonymous_12)","decl":{"start":{"line":254,"column":5},"end":{"line":254,"column":null}},"loc":{"start":{"line":255,"column":11},"end":{"line":255,"column":37}},"line":255}},"branchMap":{},"s":{"0":2,"1":0,"2":2,"3":2,"4":2,"5":2,"6":0,"7":0,"8":2,"9":2,"10":2,"11":0,"12":2,"13":2,"14":2,"15":2,"16":2,"17":0,"18":2,"19":2,"20":0,"21":2,"22":2,"23":2,"24":2},"f":{"0":0,"1":2,"2":0,"3":0,"4":2,"5":0,"6":2,"7":2,"8":0,"9":2,"10":0,"11":2,"12":2},"b":{},"meta":{"lastBranch":0,"lastFunction":13,"lastStatement":25,"seen":{"s:14:19:20:Infinity":0,"f:19:9:19:25":0,"s:19:25:19:35":1,"s:29:13:43:Infinity":2,"f:42:5:42:Infinity":1,"s:43:11:43:34":3,"s:48:13:54:2":4,"s:58:13:77:Infinity":5,"f:62:13:62:30":2,"s:62:30:62:55":6,"f:65:13:65:30":3,"s:65:30:65:52":7,"f:71:5:71:Infinity":4,"s:72:15:76:Infinity":8,"s:85:13:97:2":9,"s:102:13:129:Infinity":10,"f:106:13:106:30":5,"s:106:30:106:55":11,"f:123:5:123:Infinity":6,"s:124:15:128:Infinity":12,"s:135:13:160:Infinity":13,"f:149:5:149:Infinity":7,"s:150:15:159:Infinity":14,"s:166:13:166:66":15,"s:167:13:198:Infinity":16,"f:175:13:175:30":8,"s:175:30:175:55":17,"f:182:5:182:Infinity":9,"s:183:15:197:Infinity":18,"s:204:13:235:Infinity":19,"f:208:13:208:30":10,"s:208:30:208:52":20,"f:225:5:225:Infinity":11,"s:226:15:234:Infinity":21,"s:241:13:241:79":22,"s:242:13:255:Infinity":23,"f:254:5:254:Infinity":12,"s:255:11:255:37":24}}}
,"/home/caleb/bbfb/src/db/queries/leagues.ts": {"path":"/home/caleb/bbfb/src/db/queries/leagues.ts","statementMap":{"0":{"start":{"line":6,"column":21},"end":{"line":22,"column":20}},"1":{"start":{"line":24,"column":4},"end":{"line":24,"column":null}},"2":{"start":{"line":28,"column":17},"end":{"line":31,"column":43}},"3":{"start":{"line":33,"column":4},"end":{"line":33,"column":null}},"4":{"start":{"line":37,"column":17},"end":{"line":41,"column":43}},"5":{"start":{"line":43,"column":4},"end":{"line":43,"column":null}},"6":{"start":{"line":47,"column":17},"end":{"line":53,"column":43}},"7":{"start":{"line":55,"column":4},"end":{"line":55,"column":null}},"8":{"start":{"line":59,"column":19},"end":{"line":62,"column":51}},"9":{"start":{"line":64,"column":4},"end":{"line":64,"column":null}},"10":{"start":{"line":68,"column":21},"end":{"line":71,"column":52}},"11":{"start":{"line":73,"column":4},"end":{"line":73,"column":null}}},"fnMap":{"0":{"name":"insertLeague","decl":{"start":{"line":5,"column":22},"end":{"line":5,"column":35}},"loc":{"start":{"line":5,"column":63},"end":{"line":24,"column":null}},"line":5},"1":{"name":"selectAllLeagues","decl":{"start":{"line":27,"column":22},"end":{"line":27,"column":41}},"loc":{"start":{"line":27,"column":41},"end":{"line":33,"column":null}},"line":27},"2":{"name":"selectAllCompletedLeagues","decl":{"start":{"line":36,"column":22},"end":{"line":36,"column":50}},"loc":{"start":{"line":36,"column":50},"end":{"line":43,"column":null}},"line":36},"3":{"name":"selectAllLeaguesIdsAndSeasons","decl":{"start":{"line":46,"column":22},"end":{"line":46,"column":54}},"loc":{"start":{"line":46,"column":54},"end":{"line":55,"column":null}},"line":46},"4":{"name":"selectLeague","decl":{"start":{"line":58,"column":22},"end":{"line":58,"column":35}},"loc":{"start":{"line":58,"column":53},"end":{"line":64,"column":null}},"line":58},"5":{"name":"selectCurrentLeague","decl":{"start":{"line":67,"column":22},"end":{"line":67,"column":44}},"loc":{"start":{"line":67,"column":44},"end":{"line":73,"column":null}},"line":67}},"branchMap":{},"s":{"0":0,"1":0,"2":0,"3":0,"4":0,"5":0,"6":0,"7":0,"8":0,"9":0,"10":0,"11":0},"f":{"0":0,"1":0,"2":0,"3":0,"4":0,"5":0},"b":{},"meta":{"lastBranch":0,"lastFunction":6,"lastStatement":12,"seen":{"f:5:22:5:35":0,"s:6:21:22:20":0,"s:24:4:24:Infinity":1,"f:27:22:27:41":1,"s:28:17:31:43":2,"s:33:4:33:Infinity":3,"f:36:22:36:50":2,"s:37:17:41:43":4,"s:43:4:43:Infinity":5,"f:46:22:46:54":3,"s:47:17:53:43":6,"s:55:4:55:Infinity":7,"f:58:22:58:35":4,"s:59:19:62:51":8,"s:64:4:64:Infinity":9,"f:67:22:67:44":5,"s:68:21:71:52":10,"s:73:4:73:Infinity":11}}}
,"/home/caleb/bbfb/src/lib/helpers.ts": {"path":"/home/caleb/bbfb/src/lib/helpers.ts","statementMap":{"0":{"start":{"line":14,"column":13},"end":{"line":18,"column":null}},"1":{"start":{"line":17,"column":4},"end":{"line":18,"column":null}},"2":{"start":{"line":18,"column":8},"end":{"line":18,"column":null}},"3":{"start":{"line":23,"column":4},"end":{"line":23,"column":null}},"4":{"start":{"line":23,"column":25},"end":{"line":23,"column":null}},"5":{"start":{"line":25,"column":4},"end":{"line":25,"column":null}},"6":{"start":{"line":25,"column":45},"end":{"line":25,"column":null}},"7":{"start":{"line":27,"column":4},"end":{"line":28,"column":null}},"8":{"start":{"line":28,"column":8},"end":{"line":28,"column":null}},"9":{"start":{"line":28,"column":28},"end":{"line":28,"column":50}},"10":{"start":{"line":31,"column":24},"end":{"line":31,"column":74}},"11":{"start":{"line":32,"column":41},"end":{"line":32,"column":60}},"12":{"start":{"line":33,"column":4},"end":{"line":36,"column":null}},"13":{"start":{"line":34,"column":8},"end":{"line":36,"column":null}},"14":{"start":{"line":36,"column":12},"end":{"line":36,"column":null}},"15":{"start":{"line":40,"column":4},"end":{"line":40,"column":null}},"16":{"start":{"line":44,"column":4},"end":{"line":45,"column":null}},"17":{"start":{"line":45,"column":8},"end":{"line":45,"column":null}},"18":{"start":{"line":46,"column":4},"end":{"line":46,"column":null}},"19":{"start":{"line":46,"column":29},"end":{"line":46,"column":null}},"20":{"start":{"line":49,"column":8},"end":{"line":49,"column":null}},"21":{"start":{"line":50,"column":34},"end":{"line":50,"column":73}},"22":{"start":{"line":52,"column":36},"end":{"line":52,"column":null}},"23":{"start":{"line":54,"column":32},"end":{"line":56,"column":null}},"24":{"start":{"line":58,"column":20},"end":{"line":58,"column":46}},"25":{"start":{"line":59,"column":23},"end":{"line":59,"column":47}},"26":{"start":{"line":60,"column":4},"end":{"line":60,"column":null}},"27":{"start":{"line":69,"column":8},"end":{"line":69,"column":63}},"28":{"start":{"line":70,"column":4},"end":{"line":70,"column":null}},"29":{"start":{"line":74,"column":4},"end":{"line":77,"column":null}},"30":{"start":{"line":75,"column":8},"end":{"line":77,"column":null}},"31":{"start":{"line":78,"column":4},"end":{"line":81,"column":null}},"32":{"start":{"line":89,"column":4},"end":{"line":89,"column":null}},"33":{"start":{"line":89,"column":60},"end":{"line":89,"column":69}},"34":{"start":{"line":93,"column":4},"end":{"line":93,"column":null}},"35":{"start":{"line":93,"column":69},"end":{"line":93,"column":78}},"36":{"start":{"line":96,"column":21},"end":{"line":96,"column":64}},"37":{"start":{"line":96,"column":58},"end":{"line":96,"column":64}},"38":{"start":{"line":107,"column":4},"end":{"line":108,"column":null}},"39":{"start":{"line":108,"column":8},"end":{"line":108,"column":null}},"40":{"start":{"line":110,"column":37},"end":{"line":110,"column":39}},"41":{"start":{"line":112,"column":4},"end":{"line":114,"column":null}},"42":{"start":{"line":112,"column":17},"end":{"line":112,"column":20}},"43":{"start":{"line":114,"column":8},"end":{"line":114,"column":null}},"44":{"start":{"line":117,"column":4},"end":{"line":117,"column":null}}},"fnMap":{"0":{"name":"(anonymous_0)","decl":{"start":{"line":14,"column":13},"end":{"line":14,"column":null}},"loc":{"start":{"line":16,"column":21},"end":{"line":18,"column":null}},"line":16},"1":{"name":"(anonymous_1)","decl":{"start":{"line":17,"column":4},"end":{"line":17,"column":12}},"loc":{"start":{"line":17,"column":64},"end":{"line":18,"column":null}},"line":17},"2":{"name":"undefinedToNullDeep","decl":{"start":{"line":22,"column":16},"end":{"line":22,"column":39}},"loc":{"start":{"line":22,"column":48},"end":{"line":40,"column":null}},"line":22},"3":{"name":"(anonymous_3)","decl":{"start":{"line":28,"column":17},"end":{"line":28,"column":22}},"loc":{"start":{"line":28,"column":28},"end":{"line":28,"column":50}},"line":28},"4":{"name":"normalizeString","decl":{"start":{"line":43,"column":16},"end":{"line":43,"column":32}},"loc":{"start":{"line":43,"column":48},"end":{"line":60,"column":null}},"line":43},"5":{"name":"resolveAvatarSrc","decl":{"start":{"line":63,"column":16},"end":{"line":63,"column":null}},"loc":{"start":{"line":67,"column":10},"end":{"line":70,"column":null}},"line":67},"6":{"name":"buildUserAvatarURLs","decl":{"start":{"line":73,"column":16},"end":{"line":73,"column":36}},"loc":{"start":{"line":73,"column":66},"end":{"line":81,"column":null}},"line":73},"7":{"name":"buildLeagueHistoryIds","decl":{"start":{"line":88,"column":22},"end":{"line":88,"column":65}},"loc":{"start":{"line":88,"column":65},"end":{"line":89,"column":null}},"line":88},"8":{"name":"(anonymous_8)","decl":{"start":{"line":89,"column":38},"end":{"line":89,"column":43}},"loc":{"start":{"line":89,"column":60},"end":{"line":89,"column":69}},"line":89},"9":{"name":"buildCompletedLeaguesIds","decl":{"start":{"line":92,"column":22},"end":{"line":92,"column":68}},"loc":{"start":{"line":92,"column":68},"end":{"line":93,"column":null}},"line":92},"10":{"name":"(anonymous_10)","decl":{"start":{"line":93,"column":47},"end":{"line":93,"column":52}},"loc":{"start":{"line":93,"column":69},"end":{"line":93,"column":78}},"line":93},"11":{"name":"(anonymous_11)","decl":{"start":{"line":96,"column":46},"end":{"line":96,"column":49}},"loc":{"start":{"line":96,"column":58},"end":{"line":96,"column":64}},"line":96},"12":{"name":"groupAdjacentMatchups","decl":{"start":{"line":104,"column":16},"end":{"line":104,"column":null}},"loc":{"start":{"line":106,"column":18},"end":{"line":117,"column":null}},"line":106}},"branchMap":{"0":{"loc":{"start":{"line":23,"column":4},"end":{"line":23,"column":null}},"type":"if","locations":[{"start":{"line":23,"column":4},"end":{"line":23,"column":null}},{"start":{},"end":{}}],"line":23},"1":{"loc":{"start":{"line":25,"column":4},"end":{"line":25,"column":null}},"type":"if","locations":[{"start":{"line":25,"column":4},"end":{"line":25,"column":null}},{"start":{},"end":{}}],"line":25},"2":{"loc":{"start":{"line":25,"column":8},"end":{"line":25,"column":45}},"type":"binary-expr","locations":[{"start":{"line":25,"column":8},"end":{"line":25,"column":22}},{"start":{"line":25,"column":22},"end":{"line":25,"column":45}}],"line":25},"3":{"loc":{"start":{"line":27,"column":4},"end":{"line":28,"column":null}},"type":"if","locations":[{"start":{"line":27,"column":4},"end":{"line":28,"column":null}},{"start":{},"end":{}}],"line":27},"4":{"loc":{"start":{"line":34,"column":8},"end":{"line":36,"column":null}},"type":"if","locations":[{"start":{"line":34,"column":8},"end":{"line":36,"column":null}},{"start":{},"end":{}}],"line":34},"5":{"loc":{"start":{"line":44,"column":4},"end":{"line":45,"column":null}},"type":"if","locations":[{"start":{"line":44,"column":4},"end":{"line":45,"column":null}},{"start":{},"end":{}}],"line":44},"6":{"loc":{"start":{"line":46,"column":4},"end":{"line":46,"column":null}},"type":"if","locations":[{"start":{"line":46,"column":4},"end":{"line":46,"column":null}},{"start":{},"end":{}}],"line":46},"7":{"loc":{"start":{"line":69,"column":8},"end":{"line":69,"column":63}},"type":"binary-expr","locations":[{"start":{"line":69,"column":8},"end":{"line":69,"column":17}},{"start":{"line":69,"column":17},"end":{"line":69,"column":63}}],"line":69},"8":{"loc":{"start":{"line":70,"column":11},"end":{"line":70,"column":null}},"type":"cond-expr","locations":[{"start":{"line":70,"column":30},"end":{"line":70,"column":44}},{"start":{"line":70,"column":44},"end":{"line":70,"column":null}}],"line":70},"9":{"loc":{"start":{"line":70,"column":44},"end":{"line":70,"column":null}},"type":"binary-expr","locations":[{"start":{"line":70,"column":44},"end":{"line":70,"column":58}},{"start":{"line":70,"column":58},"end":{"line":70,"column":null}}],"line":70},"10":{"loc":{"start":{"line":74,"column":4},"end":{"line":77,"column":null}},"type":"if","locations":[{"start":{"line":74,"column":4},"end":{"line":77,"column":null}},{"start":{},"end":{}}],"line":74},"11":{"loc":{"start":{"line":107,"column":4},"end":{"line":108,"column":null}},"type":"if","locations":[{"start":{"line":107,"column":4},"end":{"line":108,"column":null}},{"start":{},"end":{}}],"line":107}},"s":{"0":2,"1":0,"2":0,"3":1943,"4":13,"5":1930,"6":1845,"7":85,"8":19,"9":206,"10":66,"11":66,"12":66,"13":1711,"14":1706,"15":66,"16":348,"17":23,"18":325,"19":1,"20":324,"21":324,"22":324,"23":324,"24":324,"25":324,"26":324,"27":0,"28":0,"29":7,"30":1,"31":6,"32":0,"33":0,"34":0,"35":0,"36":2,"37":34,"38":0,"39":0,"40":0,"41":0,"42":0,"43":0,"44":0},"f":{"0":0,"1":0,"2":1943,"3":206,"4":348,"5":0,"6":7,"7":0,"8":0,"9":0,"10":0,"11":34,"12":0},"b":{"0":[13,1930],"1":[1845,85],"2":[1930,1807],"3":[19,66],"4":[1706,5],"5":[23,325],"6":[1,324],"7":[0,0],"8":[0,0],"9":[0,0],"10":[1,6],"11":[0,0]},"meta":{"lastBranch":12,"lastFunction":13,"lastStatement":45,"seen":{"s:14:13:18:Infinity":0,"f:14:13:14:Infinity":0,"s:17:4:18:Infinity":1,"f:17:4:17:12":1,"s:18:8:18:Infinity":2,"f:22:16:22:39":2,"b:23:4:23:Infinity:undefined:undefined:undefined:undefined":0,"s:23:4:23:Infinity":3,"s:23:25:23:Infinity":4,"b:25:4:25:Infinity:undefined:undefined:undefined:undefined":1,"s:25:4:25:Infinity":5,"b:25:8:25:22:25:22:25:45":2,"s:25:45:25:Infinity":6,"b:27:4:28:Infinity:undefined:undefined:undefined:undefined":3,"s:27:4:28:Infinity":7,"s:28:8:28:Infinity":8,"f:28:17:28:22":3,"s:28:28:28:50":9,"s:31:24:31:74":10,"s:32:41:32:60":11,"s:33:4:36:Infinity":12,"b:34:8:36:Infinity:undefined:undefined:undefined:undefined":4,"s:34:8:36:Infinity":13,"s:36:12:36:Infinity":14,"s:40:4:40:Infinity":15,"f:43:16:43:32":4,"b:44:4:45:Infinity:undefined:undefined:undefined:undefined":5,"s:44:4:45:Infinity":16,"s:45:8:45:Infinity":17,"b:46:4:46:Infinity:undefined:undefined:undefined:undefined":6,"s:46:4:46:Infinity":18,"s:46:29:46:Infinity":19,"s:49:8:49:Infinity":20,"s:50:34:50:73":21,"s:52:36:52:Infinity":22,"s:54:32:56:Infinity":23,"s:58:20:58:46":24,"s:59:23:59:47":25,"s:60:4:60:Infinity":26,"f:63:16:63:Infinity":5,"s:69:8:69:63":27,"b:69:8:69:17:69:17:69:63":7,"s:70:4:70:Infinity":28,"b:70:30:70:44:70:44:70:Infinity":8,"b:70:44:70:58:70:58:70:Infinity":9,"f:73:16:73:36":6,"b:74:4:77:Infinity:undefined:undefined:undefined:undefined":10,"s:74:4:77:Infinity":29,"s:75:8:77:Infinity":30,"s:78:4:81:Infinity":31,"f:88:22:88:65":7,"s:89:4:89:Infinity":32,"f:89:38:89:43":8,"s:89:60:89:69":33,"f:92:22:92:68":9,"s:93:4:93:Infinity":34,"f:93:47:93:52":10,"s:93:69:93:78":35,"s:96:21:96:64":36,"f:96:46:96:49":11,"s:96:58:96:64":37,"f:104:16:104:Infinity":12,"b:107:4:108:Infinity:undefined:undefined:undefined:undefined":11,"s:107:4:108:Infinity":38,"s:108:8:108:Infinity":39,"s:110:37:110:39":40,"s:112:4:114:Infinity":41,"s:112:17:112:20":42,"s:114:8:114:Infinity":43,"s:117:4:117:Infinity":44}}}
,"/home/caleb/bbfb/src/lib/sleeper.ts": {"path":"/home/caleb/bbfb/src/lib/sleeper.ts","statementMap":{"0":{"start":{"line":22,"column":24},"end":{"line":22,"column":null}},"1":{"start":{"line":23,"column":23},"end":{"line":23,"column":null}},"2":{"start":{"line":26,"column":8},"end":{"line":26,"column":null}},"3":{"start":{"line":27,"column":8},"end":{"line":27,"column":null}},"4":{"start":{"line":31,"column":20},"end":{"line":31,"column":null}},"5":{"start":{"line":32,"column":27},"end":{"line":32,"column":52}},"6":{"start":{"line":34,"column":8},"end":{"line":34,"column":null}},"7":{"start":{"line":36,"column":8},"end":{"line":36,"column":null}},"8":{"start":{"line":42,"column":20},"end":{"line":42,"column":null}},"9":{"start":{"line":43,"column":28},"end":{"line":43,"column":53}},"10":{"start":{"line":45,"column":8},"end":{"line":45,"column":null}},"11":{"start":{"line":47,"column":8},"end":{"line":47,"column":null}},"12":{"start":{"line":47,"column":41},"end":{"line":47,"column":72}},"13":{"start":{"line":51,"column":20},"end":{"line":51,"column":null}},"14":{"start":{"line":52,"column":27},"end":{"line":52,"column":52}},"15":{"start":{"line":54,"column":8},"end":{"line":54,"column":null}},"16":{"start":{"line":56,"column":32},"end":{"line":56,"column":57}},"17":{"start":{"line":57,"column":8},"end":{"line":59,"column":null}},"18":{"start":{"line":58,"column":12},"end":{"line":58,"column":44}},"19":{"start":{"line":63,"column":20},"end":{"line":63,"column":null}},"20":{"start":{"line":64,"column":21},"end":{"line":64,"column":46}},"21":{"start":{"line":65,"column":8},"end":{"line":65,"column":null}},"22":{"start":{"line":66,"column":8},"end":{"line":66,"column":null}},"23":{"start":{"line":70,"column":20},"end":{"line":70,"column":null}},"24":{"start":{"line":71,"column":24},"end":{"line":71,"column":49}},"25":{"start":{"line":72,"column":8},"end":{"line":72,"column":null}},"26":{"start":{"line":73,"column":8},"end":{"line":73,"column":null}},"27":{"start":{"line":73,"column":39},"end":{"line":73,"column":68}},"28":{"start":{"line":80,"column":8},"end":{"line":80,"column":null}},"29":{"start":{"line":80,"column":23},"end":{"line":80,"column":null}},"30":{"start":{"line":81,"column":20},"end":{"line":81,"column":null}},"31":{"start":{"line":82,"column":31},"end":{"line":82,"column":56}},"32":{"start":{"line":84,"column":8},"end":{"line":84,"column":null}},"33":{"start":{"line":86,"column":8},"end":{"line":86,"column":null}},"34":{"start":{"line":86,"column":47},"end":{"line":86,"column":78}},"35":{"start":{"line":93,"column":8},"end":{"line":93,"column":null}},"36":{"start":{"line":93,"column":23},"end":{"line":93,"column":null}},"37":{"start":{"line":94,"column":20},"end":{"line":94,"column":null}},"38":{"start":{"line":95,"column":31},"end":{"line":95,"column":56}},"39":{"start":{"line":97,"column":8},"end":{"line":97,"column":null}},"40":{"start":{"line":99,"column":8},"end":{"line":101,"column":null}},"41":{"start":{"line":100,"column":12},"end":{"line":100,"column":50}},"42":{"start":{"line":105,"column":20},"end":{"line":105,"column":null}},"43":{"start":{"line":106,"column":25},"end":{"line":106,"column":50}},"44":{"start":{"line":108,"column":8},"end":{"line":108,"column":null}},"45":{"start":{"line":110,"column":8},"end":{"line":110,"column":null}},"46":{"start":{"line":116,"column":8},"end":{"line":123,"column":null}},"47":{"start":{"line":121,"column":12},"end":{"line":123,"column":null}},"48":{"start":{"line":130,"column":8},"end":{"line":133,"column":null}},"49":{"start":{"line":131,"column":12},"end":{"line":133,"column":null}},"50":{"start":{"line":138,"column":25},"end":{"line":138,"column":41}},"51":{"start":{"line":140,"column":8},"end":{"line":141,"column":null}},"52":{"start":{"line":141,"column":12},"end":{"line":141,"column":null}},"53":{"start":{"line":144,"column":28},"end":{"line":144,"column":null}},"54":{"start":{"line":145,"column":8},"end":{"line":146,"column":null}},"55":{"start":{"line":146,"column":12},"end":{"line":146,"column":null}},"56":{"start":{"line":149,"column":8},"end":{"line":149,"column":null}}},"fnMap":{"0":{"name":"(anonymous_0)","decl":{"start":{"line":25,"column":4},"end":{"line":25,"column":18}},"loc":{"start":{"line":25,"column":18},"end":{"line":27,"column":null}},"line":25},"1":{"name":"(anonymous_1)","decl":{"start":{"line":30,"column":10},"end":{"line":30,"column":20}},"loc":{"start":{"line":30,"column":66},"end":{"line":36,"column":null}},"line":30},"2":{"name":"(anonymous_2)","decl":{"start":{"line":39,"column":10},"end":{"line":39,"column":null}},"loc":{"start":{"line":41,"column":32},"end":{"line":47,"column":null}},"line":41},"3":{"name":"(anonymous_3)","decl":{"start":{"line":47,"column":27},"end":{"line":47,"column":32}},"loc":{"start":{"line":47,"column":41},"end":{"line":47,"column":72}},"line":47},"4":{"name":"(anonymous_4)","decl":{"start":{"line":50,"column":10},"end":{"line":50,"column":54}},"loc":{"start":{"line":50,"column":54},"end":{"line":59,"column":null}},"line":50},"5":{"name":"(anonymous_5)","decl":{"start":{"line":57,"column":31},"end":{"line":57,"column":36}},"loc":{"start":{"line":58,"column":12},"end":{"line":58,"column":44}},"line":58},"6":{"name":"(anonymous_6)","decl":{"start":{"line":62,"column":10},"end":{"line":62,"column":25}},"loc":{"start":{"line":62,"column":66},"end":{"line":66,"column":null}},"line":62},"7":{"name":"(anonymous_7)","decl":{"start":{"line":69,"column":10},"end":{"line":69,"column":27}},"loc":{"start":{"line":69,"column":75},"end":{"line":73,"column":null}},"line":69},"8":{"name":"(anonymous_8)","decl":{"start":{"line":73,"column":23},"end":{"line":73,"column":28}},"loc":{"start":{"line":73,"column":39},"end":{"line":73,"column":68}},"line":73},"9":{"name":"(anonymous_9)","decl":{"start":{"line":76,"column":10},"end":{"line":76,"column":null}},"loc":{"start":{"line":79,"column":29},"end":{"line":86,"column":null}},"line":79},"10":{"name":"(anonymous_10)","decl":{"start":{"line":86,"column":30},"end":{"line":86,"column":35}},"loc":{"start":{"line":86,"column":47},"end":{"line":86,"column":78}},"line":86},"11":{"name":"(anonymous_11)","decl":{"start":{"line":89,"column":10},"end":{"line":89,"column":null}},"loc":{"start":{"line":92,"column":36},"end":{"line":101,"column":null}},"line":92},"12":{"name":"(anonymous_12)","decl":{"start":{"line":99,"column":30},"end":{"line":99,"column":35}},"loc":{"start":{"line":100,"column":12},"end":{"line":100,"column":50}},"line":100},"13":{"name":"(anonymous_13)","decl":{"start":{"line":104,"column":10},"end":{"line":104,"column":46}},"loc":{"start":{"line":104,"column":46},"end":{"line":110,"column":null}},"line":104},"14":{"name":"(anonymous_14)","decl":{"start":{"line":113,"column":4},"end":{"line":113,"column":12}},"loc":{"start":{"line":115,"column":26},"end":{"line":123,"column":null}},"line":115},"15":{"name":"(anonymous_15)","decl":{"start":{"line":127,"column":4},"end":{"line":127,"column":12}},"loc":{"start":{"line":129,"column":33},"end":{"line":133,"column":null}},"line":129},"16":{"name":"(anonymous_16)","decl":{"start":{"line":137,"column":18},"end":{"line":137,"column":28}},"loc":{"start":{"line":137,"column":59},"end":{"line":149,"column":null}},"line":137}},"branchMap":{"0":{"loc":{"start":{"line":30,"column":20},"end":{"line":30,"column":66}},"type":"default-arg","locations":[{"start":{"line":30,"column":31},"end":{"line":30,"column":66}}],"line":30},"1":{"loc":{"start":{"line":40,"column":8},"end":{"line":40,"column":null}},"type":"default-arg","locations":[{"start":{"line":40,"column":27},"end":{"line":40,"column":null}}],"line":40},"2":{"loc":{"start":{"line":69,"column":27},"end":{"line":69,"column":75}},"type":"default-arg","locations":[{"start":{"line":69,"column":38},"end":{"line":69,"column":75}}],"line":69},"3":{"loc":{"start":{"line":80,"column":8},"end":{"line":80,"column":null}},"type":"if","locations":[{"start":{"line":80,"column":8},"end":{"line":80,"column":null}},{"start":{},"end":{}}],"line":80},"4":{"loc":{"start":{"line":93,"column":8},"end":{"line":93,"column":null}},"type":"if","locations":[{"start":{"line":93,"column":8},"end":{"line":93,"column":null}},{"start":{},"end":{}}],"line":93},"5":{"loc":{"start":{"line":116,"column":8},"end":{"line":123,"column":null}},"type":"if","locations":[{"start":{"line":116,"column":8},"end":{"line":123,"column":null}},{"start":{},"end":{}}],"line":116},"6":{"loc":{"start":{"line":117,"column":12},"end":{"line":119,"column":32}},"type":"binary-expr","locations":[{"start":{"line":117,"column":12},"end":{"line":117,"column":null}},{"start":{"line":118,"column":12},"end":{"line":118,"column":null}},{"start":{"line":119,"column":12},"end":{"line":119,"column":32}}],"line":117},"7":{"loc":{"start":{"line":130,"column":8},"end":{"line":133,"column":null}},"type":"if","locations":[{"start":{"line":130,"column":8},"end":{"line":133,"column":null}},{"start":{},"end":{}}],"line":130},"8":{"loc":{"start":{"line":140,"column":8},"end":{"line":141,"column":null}},"type":"if","locations":[{"start":{"line":140,"column":8},"end":{"line":141,"column":null}},{"start":{},"end":{}}],"line":140},"9":{"loc":{"start":{"line":144,"column":28},"end":{"line":144,"column":null}},"type":"binary-expr","locations":[{"start":{"line":144,"column":28},"end":{"line":144,"column":64}},{"start":{"line":144,"column":68},"end":{"line":144,"column":null}}],"line":144},"10":{"loc":{"start":{"line":145,"column":8},"end":{"line":146,"column":null}},"type":"if","locations":[{"start":{"line":145,"column":8},"end":{"line":146,"column":null}},{"start":{},"end":{}}],"line":145}},"s":{"0":5,"1":5,"2":5,"3":5,"4":20,"5":20,"6":19,"7":19,"8":2,"9":2,"10":1,"11":1,"12":12,"13":0,"14":0,"15":0,"16":0,"17":0,"18":0,"19":0,"20":0,"21":0,"22":0,"23":0,"24":0,"25":0,"26":0,"27":0,"28":0,"29":0,"30":0,"31":0,"32":0,"33":0,"34":0,"35":0,"36":0,"37":0,"38":0,"39":0,"40":0,"41":0,"42":0,"43":0,"44":0,"45":0,"46":19,"47":0,"48":1,"49":0,"50":22,"51":22,"52":2,"53":20,"54":22,"55":0,"56":20},"f":{"0":5,"1":20,"2":2,"3":12,"4":0,"5":0,"6":0,"7":0,"8":0,"9":0,"10":0,"11":0,"12":0,"13":0,"14":19,"15":1,"16":22},"b":{"0":[20],"1":[2],"2":[0],"3":[0,0],"4":[0,0],"5":[0,19],"6":[19,19,19],"7":[0,1],"8":[2,20],"9":[20,0],"10":[0,22]},"meta":{"lastBranch":11,"lastFunction":17,"lastStatement":57,"seen":{"s:22:24:22:Infinity":0,"s:23:23:23:Infinity":1,"f:25:4:25:18":0,"s:26:8:26:Infinity":2,"s:27:8:27:Infinity":3,"f:30:10:30:20":1,"b:30:31:30:66":0,"s:31:20:31:Infinity":4,"s:32:27:32:52":5,"s:34:8:34:Infinity":6,"s:36:8:36:Infinity":7,"f:39:10:39:Infinity":2,"b:40:27:40:Infinity":1,"s:42:20:42:Infinity":8,"s:43:28:43:53":9,"s:45:8:45:Infinity":10,"s:47:8:47:Infinity":11,"f:47:27:47:32":3,"s:47:41:47:72":12,"f:50:10:50:54":4,"s:51:20:51:Infinity":13,"s:52:27:52:52":14,"s:54:8:54:Infinity":15,"s:56:32:56:57":16,"s:57:8:59:Infinity":17,"f:57:31:57:36":5,"s:58:12:58:44":18,"f:62:10:62:25":6,"s:63:20:63:Infinity":19,"s:64:21:64:46":20,"s:65:8:65:Infinity":21,"s:66:8:66:Infinity":22,"f:69:10:69:27":7,"b:69:38:69:75":2,"s:70:20:70:Infinity":23,"s:71:24:71:49":24,"s:72:8:72:Infinity":25,"s:73:8:73:Infinity":26,"f:73:23:73:28":8,"s:73:39:73:68":27,"f:76:10:76:Infinity":9,"b:80:8:80:Infinity:undefined:undefined:undefined:undefined":3,"s:80:8:80:Infinity":28,"s:80:23:80:Infinity":29,"s:81:20:81:Infinity":30,"s:82:31:82:56":31,"s:84:8:84:Infinity":32,"s:86:8:86:Infinity":33,"f:86:30:86:35":10,"s:86:47:86:78":34,"f:89:10:89:Infinity":11,"b:93:8:93:Infinity:undefined:undefined:undefined:undefined":4,"s:93:8:93:Infinity":35,"s:93:23:93:Infinity":36,"s:94:20:94:Infinity":37,"s:95:31:95:56":38,"s:97:8:97:Infinity":39,"s:99:8:101:Infinity":40,"f:99:30:99:35":12,"s:100:12:100:50":41,"f:104:10:104:46":13,"s:105:20:105:Infinity":42,"s:106:25:106:50":43,"s:108:8:108:Infinity":44,"s:110:8:110:Infinity":45,"f:113:4:113:12":14,"b:116:8:123:Infinity:undefined:undefined:undefined:undefined":5,"s:116:8:123:Infinity":46,"b:117:12:117:Infinity:118:12:118:Infinity:119:12:119:32":6,"s:121:12:123:Infinity":47,"f:127:4:127:12":15,"b:130:8:133:Infinity:undefined:undefined:undefined:undefined":7,"s:130:8:133:Infinity":48,"s:131:12:133:Infinity":49,"f:137:18:137:28":16,"s:138:25:138:41":50,"b:140:8:141:Infinity:undefined:undefined:undefined:undefined":8,"s:140:8:141:Infinity":51,"s:141:12:141:Infinity":52,"s:144:28:144:Infinity":53,"b:144:28:144:64:144:68:144:Infinity":9,"b:145:8:146:Infinity:undefined:undefined:undefined:undefined":10,"s:145:8:146:Infinity":54,"s:146:12:146:Infinity":55,"s:149:8:149:Infinity":56}}}
,"/home/caleb/bbfb/src/lib/zod.ts": {"path":"/home/caleb/bbfb/src/lib/zod.ts","statementMap":{"0":{"start":{"line":3,"column":27},"end":{"line":3,"column":57}},"1":{"start":{"line":4,"column":22},"end":{"line":4,"column":43}},"2":{"start":{"line":5,"column":22},"end":{"line":5,"column":43}},"3":{"start":{"line":6,"column":23},"end":{"line":6,"column":45}},"4":{"start":{"line":7,"column":28},"end":{"line":7,"column":59}},"5":{"start":{"line":8,"column":23},"end":{"line":8,"column":45}},"6":{"start":{"line":9,"column":23},"end":{"line":9,"column":45}},"7":{"start":{"line":10,"column":24},"end":{"line":10,"column":47}},"8":{"start":{"line":11,"column":25},"end":{"line":17,"column":2}},"9":{"start":{"line":18,"column":31},"end":{"line":18,"column":76}},"10":{"start":{"line":19,"column":21},"end":{"line":19,"column":62}},"11":{"start":{"line":20,"column":24},"end":{"line":20,"column":58}},"12":{"start":{"line":22,"column":31},"end":{"line":32,"column":2}},"13":{"start":{"line":33,"column":34},"end":{"line":43,"column":2}},"14":{"start":{"line":58,"column":36},"end":{"line":63,"column":2}},"15":{"start":{"line":64,"column":39},"end":{"line":69,"column":2}},"16":{"start":{"line":73,"column":35},"end":{"line":80,"column":2}},"17":{"start":{"line":81,"column":38},"end":{"line":87,"column":2}},"18":{"start":{"line":100,"column":34},"end":{"line":111,"column":2}},"19":{"start":{"line":112,"column":37},"end":{"line":123,"column":2}},"20":{"start":{"line":140,"column":31},"end":{"line":161,"column":2}},"21":{"start":{"line":162,"column":34},"end":{"line":178,"column":2}},"22":{"start":{"line":203,"column":32},"end":{"line":211,"column":2}},"23":{"start":{"line":213,"column":35},"end":{"line":224,"column":2}},"24":{"start":{"line":238,"column":37},"end":{"line":243,"column":70}},"25":{"start":{"line":242,"column":22},"end":{"line":242,"column":38}},"26":{"start":{"line":243,"column":22},"end":{"line":243,"column":35}},"27":{"start":{"line":245,"column":36},"end":{"line":250,"column":70}},"28":{"start":{"line":249,"column":22},"end":{"line":249,"column":38}},"29":{"start":{"line":250,"column":22},"end":{"line":250,"column":35}},"30":{"start":{"line":252,"column":37},"end":{"line":253,"column":null}},"31":{"start":{"line":256,"column":45},"end":{"line":257,"column":null}},"32":{"start":{"line":262,"column":39},"end":{"line":272,"column":2}},"33":{"start":{"line":273,"column":42},"end":{"line":289,"column":2}},"34":{"start":{"line":309,"column":33},"end":{"line":320,"column":2}},"35":{"start":{"line":321,"column":39},"end":{"line":330,"column":2}}},"fnMap":{"0":{"name":"(anonymous_0)","decl":{"start":{"line":242,"column":5},"end":{"line":242,"column":13}},"loc":{"start":{"line":242,"column":22},"end":{"line":242,"column":38}},"line":242},"1":{"name":"(anonymous_1)","decl":{"start":{"line":243,"column":5},"end":{"line":243,"column":13}},"loc":{"start":{"line":243,"column":22},"end":{"line":243,"column":35}},"line":243},"2":{"name":"(anonymous_2)","decl":{"start":{"line":249,"column":5},"end":{"line":249,"column":13}},"loc":{"start":{"line":249,"column":22},"end":{"line":249,"column":38}},"line":249},"3":{"name":"(anonymous_3)","decl":{"start":{"line":250,"column":5},"end":{"line":250,"column":13}},"loc":{"start":{"line":250,"column":22},"end":{"line":250,"column":35}},"line":250}},"branchMap":{},"s":{"0":2,"1":2,"2":2,"3":2,"4":2,"5":2,"6":2,"7":2,"8":2,"9":2,"10":2,"11":2,"12":2,"13":2,"14":2,"15":2,"16":2,"17":2,"18":2,"19":2,"20":2,"21":2,"22":2,"23":2,"24":2,"25":0,"26":0,"27":2,"28":0,"29":0,"30":2,"31":2,"32":2,"33":2,"34":2,"35":2},"f":{"0":0,"1":0,"2":0,"3":0},"b":{},"meta":{"lastBranch":0,"lastFunction":4,"lastStatement":36,"seen":{"s:3:27:3:57":0,"s:4:22:4:43":1,"s:5:22:5:43":2,"s:6:23:6:45":3,"s:7:28:7:59":4,"s:8:23:8:45":5,"s:9:23:9:45":6,"s:10:24:10:47":7,"s:11:25:17:2":8,"s:18:31:18:76":9,"s:19:21:19:62":10,"s:20:24:20:58":11,"s:22:31:32:2":12,"s:33:34:43:2":13,"s:58:36:63:2":14,"s:64:39:69:2":15,"s:73:35:80:2":16,"s:81:38:87:2":17,"s:100:34:111:2":18,"s:112:37:123:2":19,"s:140:31:161:2":20,"s:162:34:178:2":21,"s:203:32:211:2":22,"s:213:35:224:2":23,"s:238:37:243:70":24,"f:242:5:242:13":0,"s:242:22:242:38":25,"f:243:5:243:13":1,"s:243:22:243:35":26,"s:245:36:250:70":27,"f:249:5:249:13":2,"s:249:22:249:38":28,"f:250:5:250:13":3,"s:250:22:250:35":29,"s:252:37:253:Infinity":30,"s:256:45:257:Infinity":31,"s:262:39:272:2":32,"s:273:42:289:2":33,"s:309:33:320:2":34,"s:321:39:330:2":35}}}
,"/home/caleb/bbfb/src/services/api/league-service.ts": {"path":"/home/caleb/bbfb/src/services/api/league-service.ts","statementMap":{"0":{"start":{"line":13,"column":20},"end":{"line":13,"column":33}},"1":{"start":{"line":17,"column":19},"end":{"line":17,"column":44}},"2":{"start":{"line":18,"column":29},"end":{"line":18,"column":64}},"3":{"start":{"line":19,"column":19},"end":{"line":19,"column":63}},"4":{"start":{"line":20,"column":4},"end":{"line":20,"column":null}},"5":{"start":{"line":24,"column":20},"end":{"line":24,"column":46}},"6":{"start":{"line":25,"column":19},"end":{"line":25,"column":54}},"7":{"start":{"line":27,"column":4},"end":{"line":27,"column":null}},"8":{"start":{"line":33,"column":46},"end":{"line":33,"column":48}},"9":{"start":{"line":37,"column":4},"end":{"line":39,"column":null}},"10":{"start":{"line":38,"column":23},"end":{"line":38,"column":49}},"11":{"start":{"line":39,"column":8},"end":{"line":39,"column":null}},"12":{"start":{"line":42,"column":4},"end":{"line":42,"column":null}},"13":{"start":{"line":46,"column":26},"end":{"line":46,"column":47}},"14":{"start":{"line":48,"column":4},"end":{"line":48,"column":null}},"15":{"start":{"line":52,"column":20},"end":{"line":52,"column":33}},"16":{"start":{"line":54,"column":29},"end":{"line":54,"column":77}},"17":{"start":{"line":55,"column":39},"end":{"line":55,"column":57}},"18":{"start":{"line":56,"column":26},"end":{"line":56,"column":71}},"19":{"start":{"line":58,"column":8},"end":{"line":58,"column":null}},"20":{"start":{"line":60,"column":4},"end":{"line":73,"column":null}},"21":{"start":{"line":61,"column":8},"end":{"line":64,"column":null}},"22":{"start":{"line":62,"column":12},"end":{"line":64,"column":null}},"23":{"start":{"line":66,"column":8},"end":{"line":66,"column":null}},"24":{"start":{"line":68,"column":34},"end":{"line":69,"column":null}},"25":{"start":{"line":72,"column":8},"end":{"line":72,"column":null}},"26":{"start":{"line":73,"column":8},"end":{"line":73,"column":null}},"27":{"start":{"line":76,"column":4},"end":{"line":76,"column":null}},"28":{"start":{"line":80,"column":29},"end":{"line":82,"column":null}},"29":{"start":{"line":84,"column":4},"end":{"line":94,"column":null}},"30":{"start":{"line":100,"column":4},"end":{"line":103,"column":null}},"31":{"start":{"line":101,"column":14},"end":{"line":101,"column":58}},"32":{"start":{"line":102,"column":33},"end":{"line":102,"column":64}},"33":{"start":{"line":103,"column":35},"end":{"line":103,"column":77}}},"fnMap":{"0":{"name":"syncLeague","decl":{"start":{"line":12,"column":22},"end":{"line":12,"column":35}},"loc":{"start":{"line":12,"column":35},"end":{"line":20,"column":null}},"line":12},"1":{"name":"buildAndInsertLeagueHistory","decl":{"start":{"line":23,"column":22},"end":{"line":23,"column":52}},"loc":{"start":{"line":23,"column":52},"end":{"line":27,"column":null}},"line":23},"2":{"name":"insertSleeperLeagues","decl":{"start":{"line":32,"column":22},"end":{"line":32,"column":43}},"loc":{"start":{"line":32,"column":74},"end":{"line":42,"column":null}},"line":32},"3":{"name":"buildLeagueHistory","decl":{"start":{"line":45,"column":22},"end":{"line":45,"column":74}},"loc":{"start":{"line":45,"column":74},"end":{"line":48,"column":null}},"line":45},"4":{"name":"getAllLeagues","decl":{"start":{"line":51,"column":22},"end":{"line":51,"column":60}},"loc":{"start":{"line":51,"column":60},"end":{"line":76,"column":null}},"line":51},"5":{"name":"normalizeLeague","decl":{"start":{"line":79,"column":16},"end":{"line":79,"column":32}},"loc":{"start":{"line":79,"column":62},"end":{"line":94,"column":null}},"line":79},"6":{"name":"rawToNormalizedLeagueData","decl":{"start":{"line":97,"column":16},"end":{"line":97,"column":null}},"loc":{"start":{"line":99,"column":24},"end":{"line":103,"column":null}},"line":99},"7":{"name":"(anonymous_7)","decl":{"start":{"line":101,"column":9},"end":{"line":101,"column":14}},"loc":{"start":{"line":101,"column":14},"end":{"line":101,"column":58}},"line":101},"8":{"name":"(anonymous_8)","decl":{"start":{"line":102,"column":9},"end":{"line":102,"column":14}},"loc":{"start":{"line":102,"column":33},"end":{"line":102,"column":64}},"line":102},"9":{"name":"(anonymous_9)","decl":{"start":{"line":103,"column":9},"end":{"line":103,"column":14}},"loc":{"start":{"line":103,"column":35},"end":{"line":103,"column":77}},"line":103}},"branchMap":{"0":{"loc":{"start":{"line":58,"column":8},"end":{"line":58,"column":null}},"type":"binary-expr","locations":[{"start":{"line":58,"column":8},"end":{"line":58,"column":47}},{"start":{"line":58,"column":47},"end":{"line":58,"column":null}}],"line":58},"1":{"loc":{"start":{"line":61,"column":8},"end":{"line":64,"column":null}},"type":"if","locations":[{"start":{"line":61,"column":8},"end":{"line":64,"column":null}},{"start":{},"end":{}}],"line":61},"2":{"loc":{"start":{"line":73,"column":27},"end":{"line":73,"column":null}},"type":"binary-expr","locations":[{"start":{"line":73,"column":27},"end":{"line":73,"column":67}},{"start":{"line":73,"column":67},"end":{"line":73,"column":null}}],"line":73},"3":{"loc":{"start":{"line":80,"column":29},"end":{"line":82,"column":null}},"type":"cond-expr","locations":[{"start":{"line":80,"column":39},"end":{"line":81,"column":55}},{"start":{"line":82,"column":10},"end":{"line":82,"column":null}}],"line":80}},"s":{"0":0,"1":0,"2":0,"3":0,"4":0,"5":0,"6":0,"7":0,"8":0,"9":0,"10":0,"11":0,"12":0,"13":1,"14":1,"15":3,"16":3,"17":3,"18":3,"19":3,"20":3,"21":15,"22":0,"23":15,"24":15,"25":15,"26":15,"27":3,"28":15,"29":15,"30":2,"31":12,"32":12,"33":12},"f":{"0":0,"1":0,"2":0,"3":1,"4":3,"5":15,"6":2,"7":12,"8":12,"9":12},"b":{"0":[3,0],"1":[0,15],"2":[15,3],"3":[12,3]},"meta":{"lastBranch":4,"lastFunction":10,"lastStatement":34,"seen":{"f:12:22:12:35":0,"s:13:20:13:33":0,"s:17:19:17:44":1,"s:18:29:18:64":2,"s:19:19:19:63":3,"s:20:4:20:Infinity":4,"f:23:22:23:52":1,"s:24:20:24:46":5,"s:25:19:25:54":6,"s:27:4:27:Infinity":7,"f:32:22:32:43":2,"s:33:46:33:48":8,"s:37:4:39:Infinity":9,"s:38:23:38:49":10,"s:39:8:39:Infinity":11,"s:42:4:42:Infinity":12,"f:45:22:45:74":3,"s:46:26:46:47":13,"s:48:4:48:Infinity":14,"f:51:22:51:60":4,"s:52:20:52:33":15,"s:54:29:54:77":16,"s:55:39:55:57":17,"s:56:26:56:71":18,"s:58:8:58:Infinity":19,"b:58:8:58:47:58:47:58:Infinity":0,"s:60:4:73:Infinity":20,"b:61:8:64:Infinity:undefined:undefined:undefined:undefined":1,"s:61:8:64:Infinity":21,"s:62:12:64:Infinity":22,"s:66:8:66:Infinity":23,"s:68:34:69:Infinity":24,"s:72:8:72:Infinity":25,"s:73:8:73:Infinity":26,"b:73:27:73:67:73:67:73:Infinity":2,"s:76:4:76:Infinity":27,"f:79:16:79:32":5,"s:80:29:82:Infinity":28,"b:80:39:81:55:82:10:82:Infinity":3,"s:84:4:94:Infinity":29,"f:97:16:97:Infinity":6,"s:100:4:103:Infinity":30,"f:101:9:101:14":7,"s:101:14:101:58":31,"f:102:9:102:14":8,"s:102:33:102:64":32,"f:103:9:103:14":9,"s:103:35:103:77":33}}}
,"/home/caleb/bbfb/test/sleeper/leagues/normalized/league-2025.json": {"path":"/home/caleb/bbfb/test/sleeper/leagues/normalized/league-2025.json","statementMap":{"0":{"start":{"line":1,"column":24},"end":{"line":1,"column":45}},"1":{"start":{"line":2,"column":22},"end":{"line":2,"column":35}},"2":{"start":{"line":3,"column":22},"end":{"line":3,"column":28}},"3":{"start":{"line":4,"column":26},"end":{"line":4,"column":41}},"4":{"start":{"line":5,"column":24},"end":{"line":5,"column":58}},"5":{"start":{"line":6,"column":32},"end":{"line":6,"column":53}},"6":{"start":{"line":7,"column":23},"end":{"line":7,"column":44}},"7":{"start":{"line":8,"column":31},"end":{"line":8,"column":112}},"8":{"start":{"line":9,"column":28},"end":{"line":9,"column":30}}},"fnMap":{},"branchMap":{},"s":{"0":1,"1":1,"2":1,"3":1,"4":1,"5":1,"6":1,"7":1,"8":1},"f":{},"b":{},"meta":{"lastBranch":0,"lastFunction":0,"lastStatement":9,"seen":{"s:1:24:1:45":0,"s:2:22:2:35":1,"s:3:22:3:28":2,"s:4:26:4:41":3,"s:5:24:5:58":4,"s:6:32:6:53":5,"s:7:23:7:44":6,"s:8:31:8:112":7,"s:9:28:9:30":8}}}
,"/home/caleb/bbfb/test/sleeper/leagues/normalized/league-history.json": {"path":"/home/caleb/bbfb/test/sleeper/leagues/normalized/league-history.json","statementMap":{},"fnMap":{},"branchMap":{},"s":{},"f":{},"b":{},"meta":{"lastBranch":0,"lastFunction":0,"lastStatement":0,"seen":{}}}
,"/home/caleb/bbfb/test/sleeper/leagues/raw/league-2024.json": {"path":"/home/caleb/bbfb/test/sleeper/leagues/raw/league-2024.json","statementMap":{"0":{"start":{"line":1,"column":25},"end":{"line":1,"column":46}},"1":{"start":{"line":2,"column":22},"end":{"line":2,"column":32}},"2":{"start":{"line":3,"column":22},"end":{"line":3,"column":28}},"3":{"start":{"line":4,"column":20},"end":{"line":4,"column":35}},"4":{"start":{"line":5,"column":22},"end":{"line":5,"column":56}},"5":{"start":{"line":6,"column":34},"end":{"line":6,"column":54}},"6":{"start":{"line":7,"column":24},"end":{"line":7,"column":45}},"7":{"start":{"line":8,"column":32},"end":{"line":8,"column":113}},"8":{"start":{"line":9,"column":29},"end":{"line":9,"column":31}},"9":{"start":{"line":10,"column":24},"end":{"line":10,"column":207}},"10":{"start":{"line":11,"column":24},"end":{"line":11,"column":997}},"11":{"start":{"line":12,"column":26},"end":{"line":12,"column":30}},"12":{"start":{"line":13,"column":21},"end":{"line":13,"column":24}},"13":{"start":{"line":14,"column":27},"end":{"line":14,"column":36}},"14":{"start":{"line":15,"column":21},"end":{"line":15,"column":26}},"15":{"start":{"line":16,"column":32},"end":{"line":16,"column":639}},"16":{"start":{"line":17,"column":31},"end":{"line":17,"column":52}},"17":{"start":{"line":18,"column":33},"end":{"line":18,"column":46}},"18":{"start":{"line":19,"column":34},"end":{"line":19,"column":38}},"19":{"start":{"line":20,"column":40},"end":{"line":20,"column":45}},"20":{"start":{"line":21,"column":30},"end":{"line":21,"column":50}},"21":{"start":{"line":22,"column":34},"end":{"line":22,"column":38}},"22":{"start":{"line":23,"column":39},"end":{"line":23,"column":43}},"23":{"start":{"line":24,"column":37},"end":{"line":24,"column":41}},"24":{"start":{"line":25,"column":38},"end":{"line":25,"column":42}},"25":{"start":{"line":26,"column":28},"end":{"line":26,"column":32}},"26":{"start":{"line":27,"column":24},"end":{"line":27,"column":28}},"27":{"start":{"line":28,"column":26},"end":{"line":28,"column":45}},"28":{"start":{"line":29,"column":36},"end":{"line":29,"column":40}},"29":{"start":{"line":30,"column":32},"end":{"line":30,"column":51}},"30":{"start":{"line":31,"column":42},"end":{"line":31,"column":46}}},"fnMap":{},"branchMap":{},"s":{"0":1,"1":1,"2":1,"3":1,"4":1,"5":1,"6":1,"7":1,"8":1,"9":1,"10":1,"11":1,"12":1,"13":1,"14":1,"15":1,"16":1,"17":1,"18":1,"19":1,"20":1,"21":1,"22":1,"23":1,"24":1,"25":1,"26":1,"27":1,"28":1,"29":1,"30":1},"f":{},"b":{},"meta":{"lastBranch":0,"lastFunction":0,"lastStatement":31,"seen":{"s:1:25:1:46":0,"s:2:22:2:32":1,"s:3:22:3:28":2,"s:4:20:4:35":3,"s:5:22:5:56":4,"s:6:34:6:54":5,"s:7:24:7:45":6,"s:8:32:8:113":7,"s:9:29:9:31":8,"s:10:24:10:207":9,"s:11:24:11:997":10,"s:12:26:12:30":11,"s:13:21:13:24":12,"s:14:27:14:36":13,"s:15:21:15:26":14,"s:16:32:16:639":15,"s:17:31:17:52":16,"s:18:33:18:46":17,"s:19:34:19:38":18,"s:20:40:20:45":19,"s:21:30:21:50":20,"s:22:34:22:38":21,"s:23:39:23:43":22,"s:24:37:24:41":23,"s:25:38:25:42":24,"s:26:28:26:32":25,"s:27:24:27:28":26,"s:28:26:28:45":27,"s:29:36:29:40":28,"s:30:32:30:51":29,"s:31:42:31:46":30}}}
,"/home/caleb/bbfb/test/sleeper/leagues/raw/league-2025.json": {"path":"/home/caleb/bbfb/test/sleeper/leagues/raw/league-2025.json","statementMap":{"0":{"start":{"line":1,"column":25},"end":{"line":1,"column":46}},"1":{"start":{"line":2,"column":22},"end":{"line":2,"column":35}},"2":{"start":{"line":3,"column":22},"end":{"line":3,"column":28}},"3":{"start":{"line":4,"column":20},"end":{"line":4,"column":35}},"4":{"start":{"line":5,"column":22},"end":{"line":5,"column":56}},"5":{"start":{"line":6,"column":34},"end":{"line":6,"column":55}},"6":{"start":{"line":7,"column":24},"end":{"line":7,"column":45}},"7":{"start":{"line":8,"column":32},"end":{"line":8,"column":113}},"8":{"start":{"line":9,"column":29},"end":{"line":9,"column":31}},"9":{"start":{"line":10,"column":24},"end":{"line":10,"column":267}},"10":{"start":{"line":11,"column":24},"end":{"line":11,"column":1048}},"11":{"start":{"line":12,"column":26},"end":{"line":12,"column":30}},"12":{"start":{"line":13,"column":21},"end":{"line":13,"column":26}},"13":{"start":{"line":14,"column":27},"end":{"line":14,"column":36}},"14":{"start":{"line":15,"column":21},"end":{"line":15,"column":24}},"15":{"start":{"line":16,"column":32},"end":{"line":16,"column":639}},"16":{"start":{"line":17,"column":31},"end":{"line":17,"column":52}},"17":{"start":{"line":18,"column":34},"end":{"line":18,"column":38}},"18":{"start":{"line":19,"column":40},"end":{"line":19,"column":45}},"19":{"start":{"line":20,"column":30},"end":{"line":20,"column":50}},"20":{"start":{"line":21,"column":34},"end":{"line":21,"column":38}},"21":{"start":{"line":22,"column":39},"end":{"line":22,"column":43}},"22":{"start":{"line":23,"column":37},"end":{"line":23,"column":41}},"23":{"start":{"line":24,"column":33},"end":{"line":24,"column":46}},"24":{"start":{"line":25,"column":38},"end":{"line":25,"column":42}},"25":{"start":{"line":26,"column":28},"end":{"line":26,"column":32}},"26":{"start":{"line":27,"column":26},"end":{"line":27,"column":45}},"27":{"start":{"line":28,"column":36},"end":{"line":28,"column":40}},"28":{"start":{"line":29,"column":24},"end":{"line":29,"column":28}},"29":{"start":{"line":30,"column":32},"end":{"line":30,"column":51}},"30":{"start":{"line":31,"column":42},"end":{"line":31,"column":46}}},"fnMap":{},"branchMap":{},"s":{"0":1,"1":1,"2":1,"3":1,"4":1,"5":1,"6":1,"7":1,"8":1,"9":1,"10":1,"11":1,"12":1,"13":1,"14":1,"15":1,"16":1,"17":1,"18":1,"19":1,"20":1,"21":1,"22":1,"23":1,"24":1,"25":1,"26":1,"27":1,"28":1,"29":1,"30":1},"f":{},"b":{},"meta":{"lastBranch":0,"lastFunction":0,"lastStatement":31,"seen":{"s:1:25:1:46":0,"s:2:22:2:35":1,"s:3:22:3:28":2,"s:4:20:4:35":3,"s:5:22:5:56":4,"s:6:34:6:55":5,"s:7:24:7:45":6,"s:8:32:8:113":7,"s:9:29:9:31":8,"s:10:24:10:267":9,"s:11:24:11:1048":10,"s:12:26:12:30":11,"s:13:21:13:26":12,"s:14:27:14:36":13,"s:15:21:15:24":14,"s:16:32:16:639":15,"s:17:31:17:52":16,"s:18:34:18:38":17,"s:19:40:19:45":18,"s:20:30:20:50":19,"s:21:34:21:38":20,"s:22:39:22:43":21,"s:23:37:23:41":22,"s:24:33:24:46":23,"s:25:38:25:42":24,"s:26:28:26:32":25,"s:27:26:27:45":26,"s:28:36:28:40":27,"s:29:24:29:28":28,"s:30:32:30:51":29,"s:31:42:31:46":30}}}
,"/home/caleb/bbfb/test/sleeper/leagues/raw/league-history.json": {"path":"/home/caleb/bbfb/test/sleeper/leagues/raw/league-history.json","statementMap":{},"fnMap":{},"branchMap":{},"s":{},"f":{},"b":{},"meta":{"lastBranch":0,"lastFunction":0,"lastStatement":0,"seen":{}}}
,"/home/caleb/bbfb/test/sleeper/sleeper-mocks/handlers.ts": {"path":"/home/caleb/bbfb/test/sleeper/sleeper-mocks/handlers.ts","statementMap":{"0":{"start":{"line":7,"column":35},"end":{"line":7,"column":75}},"1":{"start":{"line":8,"column":52},"end":{"line":9,"column":null}},"2":{"start":{"line":11,"column":16},"end":{"line":11,"column":null}},"3":{"start":{"line":14,"column":24},"end":{"line":35,"column":null}},"4":{"start":{"line":16,"column":29},"end":{"line":16,"column":null}},"5":{"start":{"line":17,"column":23},"end":{"line":17,"column":82}},"6":{"start":{"line":17,"column":52},"end":{"line":17,"column":82}},"7":{"start":{"line":19,"column":8},"end":{"line":20,"column":null}},"8":{"start":{"line":20,"column":12},"end":{"line":20,"column":null}},"9":{"start":{"line":23,"column":8},"end":{"line":23,"column":null}},"10":{"start":{"line":27,"column":33},"end":{"line":27,"column":null}},"11":{"start":{"line":28,"column":28},"end":{"line":28,"column":null}},"12":{"start":{"line":30,"column":8},"end":{"line":31,"column":null}},"13":{"start":{"line":31,"column":12},"end":{"line":31,"column":null}},"14":{"start":{"line":34,"column":8},"end":{"line":34,"column":null}}},"fnMap":{"0":{"name":"(anonymous_0)","decl":{"start":{"line":15,"column":24},"end":{"line":15,"column":44}},"loc":{"start":{"line":15,"column":59},"end":{"line":24,"column":null}},"line":15},"1":{"name":"(anonymous_1)","decl":{"start":{"line":17,"column":37},"end":{"line":17,"column":42}},"loc":{"start":{"line":17,"column":52},"end":{"line":17,"column":82}},"line":17},"2":{"name":"(anonymous_2)","decl":{"start":{"line":26,"column":24},"end":{"line":26,"column":50}},"loc":{"start":{"line":26,"column":65},"end":{"line":35,"column":null}},"line":26}},"branchMap":{"0":{"loc":{"start":{"line":19,"column":8},"end":{"line":20,"column":null}},"type":"if","locations":[{"start":{"line":19,"column":8},"end":{"line":20,"column":null}},{"start":{},"end":{}}],"line":19},"1":{"loc":{"start":{"line":27,"column":33},"end":{"line":27,"column":null}},"type":"cond-expr","locations":[{"start":{"line":27,"column":66},"end":{"line":27,"column":87}},{"start":{"line":27,"column":87},"end":{"line":27,"column":null}}],"line":27},"2":{"loc":{"start":{"line":27,"column":87},"end":{"line":27,"column":null}},"type":"binary-expr","locations":[{"start":{"line":27,"column":87},"end":{"line":27,"column":106}},{"start":{"line":27,"column":106},"end":{"line":27,"column":null}}],"line":27},"3":{"loc":{"start":{"line":28,"column":28},"end":{"line":28,"column":null}},"type":"binary-expr","locations":[{"start":{"line":28,"column":28},"end":{"line":28,"column":55}},{"start":{"line":28,"column":59},"end":{"line":28,"column":null}}],"line":28},"4":{"loc":{"start":{"line":30,"column":8},"end":{"line":31,"column":null}},"type":"if","locations":[{"start":{"line":30,"column":8},"end":{"line":31,"column":null}},{"start":{},"end":{}}],"line":30}},"s":{"0":3,"1":3,"2":3,"3":3,"4":20,"5":20,"6":72,"7":20,"8":1,"9":19,"10":2,"11":2,"12":2,"13":1,"14":1},"f":{"0":20,"1":72,"2":2},"b":{"0":[1,19],"1":[0,2],"2":[2,0],"3":[2,1],"4":[1,1]},"meta":{"lastBranch":5,"lastFunction":3,"lastStatement":15,"seen":{"s:7:35:7:75":0,"s:8:52:9:Infinity":1,"s:11:16:11:Infinity":2,"s:14:24:35:Infinity":3,"f:15:24:15:44":0,"s:16:29:16:Infinity":4,"s:17:23:17:82":5,"f:17:37:17:42":1,"s:17:52:17:82":6,"b:19:8:20:Infinity:undefined:undefined:undefined:undefined":0,"s:19:8:20:Infinity":7,"s:20:12:20:Infinity":8,"s:23:8:23:Infinity":9,"f:26:24:26:50":2,"s:27:33:27:Infinity":10,"b:27:66:27:87:27:87:27:Infinity":1,"b:27:87:27:106:27:106:27:Infinity":2,"s:28:28:28:Infinity":11,"b:28:28:28:55:28:59:28:Infinity":3,"b:30:8:31:Infinity:undefined:undefined:undefined:undefined":4,"s:30:8:31:Infinity":12,"s:31:12:31:Infinity":13,"s:34:8:34:Infinity":14}}}
,"/home/caleb/bbfb/test/sleeper/sleeper-mocks/node.ts": {"path":"/home/caleb/bbfb/test/sleeper/sleeper-mocks/node.ts","statementMap":{"0":{"start":{"line":4,"column":13},"end":{"line":4,"column":46}}},"fnMap":{},"branchMap":{},"s":{"0":3},"f":{},"b":{},"meta":{"lastBranch":0,"lastFunction":0,"lastStatement":1,"seen":{"s:4:13:4:46":0}}}
,"/home/caleb/bbfb/test/sleeper/users/normalized/user-history-normalized.json": {"path":"/home/caleb/bbfb/test/sleeper/users/normalized/user-history-normalized.json","statementMap":{},"fnMap":{},"branchMap":{},"s":{},"f":{},"b":{},"meta":{"lastBranch":0,"lastFunction":0,"lastStatement":0,"seen":{}}}
,"/home/caleb/bbfb/test/sleeper/users/normalized/db/database-all-league-users.json": {"path":"/home/caleb/bbfb/test/sleeper/users/normalized/db/database-all-league-users.json","statementMap":{},"fnMap":{},"branchMap":{},"s":{},"f":{},"b":{},"meta":{"lastBranch":0,"lastFunction":0,"lastStatement":0,"seen":{}}}
,"/home/caleb/bbfb/test/sleeper/users/raw/league-users-2024.json": {"path":"/home/caleb/bbfb/test/sleeper/users/raw/league-users-2024.json","statementMap":{},"fnMap":{},"branchMap":{},"s":{},"f":{},"b":{},"meta":{"lastBranch":0,"lastFunction":0,"lastStatement":0,"seen":{}}}
,"/home/caleb/bbfb/test/sleeper/users/raw/league-users-2025.json": {"path":"/home/caleb/bbfb/test/sleeper/users/raw/league-users-2025.json","statementMap":{},"fnMap":{},"branchMap":{},"s":{},"f":{},"b":{},"meta":{"lastBranch":0,"lastFunction":0,"lastStatement":0,"seen":{}}}
,"/home/caleb/bbfb/test/sleeper/users/raw/raw-league-user-by-year.json": {"path":"/home/caleb/bbfb/test/sleeper/users/raw/raw-league-user-by-year.json","statementMap":{},"fnMap":{},"branchMap":{},"s":{},"f":{},"b":{},"meta":{"lastBranch":0,"lastFunction":0,"lastStatement":0,"seen":{}}}
,"/home/caleb/bbfb/test/sleeper/users/raw/unique-league-user-history.json": {"path":"/home/caleb/bbfb/test/sleeper/users/raw/unique-league-user-history.json","statementMap":{},"fnMap":{},"branchMap":{},"s":{},"f":{},"b":{},"meta":{"lastBranch":0,"lastFunction":0,"lastStatement":0,"seen":{}}}
}
